{"logTime":"1031/014601","correlationVector":"2+OCuhEPiRt7h+KGh27ID9.0","action":"SyncServerConnectionManagerRequest", "result":"SYNC_SERVER_OK", "context":{"environment":"", "server":""}}
{"logTime":"1031/014603","correlationVector":"il6TuLrcLHfWlH+x15wV7C.1","action":"SyncServerConnectionManagerRequest", "result":"SYNC_SERVER_OK", "context":{"environment":"48F630A6-CB1B-4CC7-86AF-0F6627234B58", "server":"SG2PEPF00000CB9"}}
{"logTime":"1031/014603","correlationVector":"3kMooVwoP6jMTPeLkWil04.1","action":"SyncServerConnectionManagerRequest", "result":"SYNC_SERVER_OK", "context":{"environment":"48F630A6-CB1B-4CC7-86AF-0F6627234B58", "server":"SG2PEPF00000CB9"}}
{"logTime":"1031/014604","correlationVector":"il6TuLrcLHfWlH+x15wV7C","action":"Initial GetUpdates", "result":""}
{"logTime":"1031/014604","correlationVector":"il6TuLrcLHfWlH+x15wV7C.2","action":"GetUpdates Response", "result":"SYNCER_OK"}
{"logTime":"1031/014604","correlationVector":"3kMooVwoP6jMTPeLkWil04","action":"Commit Request", "result":""}
{"logTime":"1031/014604","correlationVector":"3kMooVwoP6jMTPeLkWil04.2","action":"Commit Response", "result":"SYNCER_OK"}
{"logTime":"1031/014604","correlationVector":"L7lVfO8BZiZgn99vtgxh1i","action":"Initial GetUpdates", "result":""}
{"logTime":"1031/014604","correlationVector":"L7lVfO8BZiZgn99vtgxh1i.1","action":"SyncServerConnectionManagerRequest", "result":"SYNC_SERVER_OK", "context":{"environment":"48F630A6-CB1B-4CC7-86AF-0F6627234B58", "server":"SG2PEPF00000CB9"}}
{"logTime":"1031/014604","correlationVector":"L7lVfO8BZiZgn99vtgxh1i.2","action":"GetUpdates Response", "result":"SYNCER_OK"}
{"logTime":"1031/014604","correlationVector":"VNAPKy6n8iMxPedsjru/D9","action":"Normal GetUpdate request", "result":""}
{"logTime":"1031/014604","correlationVector":"VNAPKy6n8iMxPedsjru/D9.1","action":"SyncServerConnectionManagerRequest", "result":"SYNC_SERVER_OK", "context":{"environment":"48F630A6-CB1B-4CC7-86AF-0F6627234B58", "server":"SG2PEPF00000CB9"}}
{"logTime":"1031/014604","correlationVector":"VNAPKy6n8iMxPedsjru/D9.2","action":"GetUpdates Response", "result":"SYNCER_OK"}
{"logTime":"1031/014604","correlationVector":"QZrE3icgSKRnSyJAbEIxXF","action":"Commit Request", "result":""}
{"logTime":"1031/014605","correlationVector":"QZrE3icgSKRnSyJAbEIxXF.1","action":"SyncServerConnectionManagerRequest", "result":"SYNC_SERVER_OK", "context":{"environment":"48F630A6-CB1B-4CC7-86AF-0F6627234B58", "server":"SG2PEPF00000CB9"}}
{"logTime":"1031/014605","correlationVector":"QZrE3icgSKRnSyJAbEIxXF.2","action":"Commit Response", "result":"SYNCER_OK"}
{"logTime":"1031/014605","correlationVector":"9Dqhts+0Gzw8nKQBJlauJa","action":"Normal GetUpdate request", "result":""}
{"logTime":"1031/014605","correlationVector":"9Dqhts+0Gzw8nKQBJlauJa.1","action":"SyncServerConnectionManagerRequest", "result":"SYNC_SERVER_OK", "context":{"environment":"48F630A6-CB1B-4CC7-86AF-0F6627234B58", "server":"SG2PEPF00000CB9"}}
{"logTime":"1031/014605","correlationVector":"9Dqhts+0Gzw8nKQBJlauJa.2","action":"GetUpdates Response", "result":"SYNCER_OK"}
{"logTime":"1031/030818","correlationVector":"M8MmzTKrN7RqaDY7Sdv/ps.0","action":"FeedSettingFetch_homeCloud", "result":"0", "context":{}}
{"logTime":"1031/030819","correlationVector":"8DePf62/froESXwpvNa8SU.1","action":"SyncServerConnectionManagerRequest", "result":"SYNC_SERVER_OK", "context":{"environment":"48F630A6-CB1B-4CC7-86AF-0F6627234B58", "server":"SG2PEPF00000CC9"}}
{"logTime":"1031/030820","correlationVector":"8DePf62/froESXwpvNa8SU","action":"Initial GetUpdates", "result":""}
{"logTime":"1031/030820","correlationVector":"8DePf62/froESXwpvNa8SU.2","action":"GetUpdates Response", "result":"SYNCER_OK"}
{"logTime":"1031/030820","correlationVector":"+PICNiGRH9Jdboot99csN3","action":"Normal GetUpdate request", "result":""}
{"logTime":"1031/030820","correlationVector":"+PICNiGRH9Jdboot99csN3.1","action":"SyncServerConnectionManagerRequest", "result":"SYNC_SERVER_OK", "context":{"environment":"48F630A6-CB1B-4CC7-86AF-0F6627234B58", "server":"SG2PEPF00000CC9"}}
{"logTime":"1031/030820","correlationVector":"+PICNiGRH9Jdboot99csN3.2","action":"GetUpdates Response", "result":"SYNCER_OK"}
